{"total": {"lines":{"total":3426,"covered":95,"skipped":0,"pct":2.77},"statements":{"total":3626,"covered":95,"skipped":0,"pct":2.61},"functions":{"total":1386,"covered":28,"skipped":0,"pct":2.02},"branches":{"total":2728,"covered":54,"skipped":0,"pct":1.97},"branchesTrue":{"total":0,"covered":0,"skipped":0,"pct":100}}
,"C:\\Users\\Chensy\\Workspace\\Projects\\Codes\\lab-inventory\\frontend\\src\\app\\App.tsx": {"lines":{"total":2,"covered":0,"skipped":0,"pct":0},"functions":{"total":2,"covered":0,"skipped":0,"pct":0},"statements":{"total":2,"covered":0,"skipped":0,"pct":0},"branches":{"total":0,"covered":0,"skipped":0,"pct":100}}
,"C:\\Users\\Chensy\\Workspace\\Projects\\Codes\\lab-inventory\\frontend\\src\\app\\AppShell.tsx": {"lines":{"total":43,"covered":0,"skipped":0,"pct":0},"functions":{"total":21,"covered":0,"skipped":0,"pct":0},"statements":{"total":46,"covered":0,"skipped":0,"pct":0},"branches":{"total":24,"covered":0,"skipped":0,"pct":0}}
,"C:\\Users\\Chensy\\Workspace\\Projects\\Codes\\lab-inventory\\frontend\\src\\app\\AuthGate.tsx": {"lines":{"total":23,"covered":0,"skipped":0,"pct":0},"functions":{"total":3,"covered":0,"skipped":0,"pct":0},"statements":{"total":23,"covered":0,"skipped":0,"pct":0},"branches":{"total":26,"covered":0,"skipped":0,"pct":0}}
,"C:\\Users\\Chensy\\Workspace\\Projects\\Codes\\lab-inventory\\frontend\\src\\app\\CommandMenu.tsx": {"lines":{"total":17,"covered":0,"skipped":0,"pct":0},"functions":{"total":9,"covered":0,"skipped":0,"pct":0},"statements":{"total":18,"covered":0,"skipped":0,"pct":0},"branches":{"total":7,"covered":0,"skipped":0,"pct":0}}
,"C:\\Users\\Chensy\\Workspace\\Projects\\Codes\\lab-inventory\\frontend\\src\\app\\ProtectedModuleRoute.tsx": {"lines":{"total":4,"covered":0,"skipped":0,"pct":0},"functions":{"total":1,"covered":0,"skipped":0,"pct":0},"statements":{"total":4,"covered":0,"skipped":0,"pct":0},"branches":{"total":4,"covered":0,"skipped":0,"pct":0}}
,"C:\\Users\\Chensy\\Workspace\\Projects\\Codes\\lab-inventory\\frontend\\src\\app\\auth-context.tsx": {"lines":{"total":6,"covered":0,"skipped":0,"pct":0},"functions":{"total":2,"covered":0,"skipped":0,"pct":0},"statements":{"total":6,"covered":0,"skipped":0,"pct":0},"branches":{"total":2,"covered":0,"skipped":0,"pct":0}}
,"C:\\Users\\Chensy\\Workspace\\Projects\\Codes\\lab-inventory\\frontend\\src\\app\\laboratory-selection-context.tsx": {"lines":{"total":89,"covered":0,"skipped":0,"pct":0},"functions":{"total":18,"covered":0,"skipped":0,"pct":0},"statements":{"total":91,"covered":0,"skipped":0,"pct":0},"branches":{"total":81,"covered":0,"skipped":0,"pct":0}}
,"C:\\Users\\Chensy\\Workspace\\Projects\\Codes\\lab-inventory\\frontend\\src\\app\\modules.tsx": {"lines":{"total":6,"covered":0,"skipped":0,"pct":0},"functions":{"total":5,"covered":0,"skipped":0,"pct":0},"statements":{"total":9,"covered":0,"skipped":0,"pct":0},"branches":{"total":2,"covered":0,"skipped":0,"pct":0}}
,"C:\\Users\\Chensy\\Workspace\\Projects\\Codes\\lab-inventory\\frontend\\src\\app\\providers.tsx": {"lines":{"total":3,"covered":0,"skipped":0,"pct":0},"functions":{"total":2,"covered":0,"skipped":0,"pct":0},"statements":{"total":3,"covered":0,"skipped":0,"pct":0},"branches":{"total":0,"covered":0,"skipped":0,"pct":100}}
,"C:\\Users\\Chensy\\Workspace\\Projects\\Codes\\lab-inventory\\frontend\\src\\modules\\admin\\AdminPages.tsx": {"lines":{"total":162,"covered":0,"skipped":0,"pct":0},"functions":{"total":73,"covered":0,"skipped":0,"pct":0},"statements":{"total":165,"covered":0,"skipped":0,"pct":0},"branches":{"total":119,"covered":0,"skipped":0,"pct":0}}
,"C:\\Users\\Chensy\\Workspace\\Projects\\Codes\\lab-inventory\\frontend\\src\\modules\\admin\\AssetCategoriesPage.tsx": {"lines":{"total":183,"covered":0,"skipped":0,"pct":0},"functions":{"total":83,"covered":0,"skipped":0,"pct":0},"statements":{"total":197,"covered":0,"skipped":0,"pct":0},"branches":{"total":119,"covered":0,"skipped":0,"pct":0}}
,"C:\\Users\\Chensy\\Workspace\\Projects\\Codes\\lab-inventory\\frontend\\src\\modules\\admin\\AssetParametersPage.tsx": {"lines":{"total":185,"covered":0,"skipped":0,"pct":0},"functions":{"total":87,"covered":0,"skipped":0,"pct":0},"statements":{"total":204,"covered":0,"skipped":0,"pct":0},"branches":{"total":171,"covered":0,"skipped":0,"pct":0}}
,"C:\\Users\\Chensy\\Workspace\\Projects\\Codes\\lab-inventory\\frontend\\src\\modules\\admin\\LocationsPage.tsx": {"lines":{"total":135,"covered":0,"skipped":0,"pct":0},"functions":{"total":56,"covered":0,"skipped":0,"pct":0},"statements":{"total":144,"covered":0,"skipped":0,"pct":0},"branches":{"total":94,"covered":0,"skipped":0,"pct":0}}
,"C:\\Users\\Chensy\\Workspace\\Projects\\Codes\\lab-inventory\\frontend\\src\\modules\\admin\\UnitsPage.tsx": {"lines":{"total":105,"covered":0,"skipped":0,"pct":0},"functions":{"total":49,"covered":0,"skipped":0,"pct":0},"statements":{"total":109,"covered":0,"skipped":0,"pct":0},"branches":{"total":56,"covered":0,"skipped":0,"pct":0}}
,"C:\\Users\\Chensy\\Workspace\\Projects\\Codes\\lab-inventory\\frontend\\src\\modules\\admin\\api.ts": {"lines":{"total":122,"covered":17,"skipped":0,"pct":13.93},"functions":{"total":55,"covered":1,"skipped":0,"pct":1.81},"statements":{"total":122,"covered":17,"skipped":0,"pct":13.93},"branches":{"total":21,"covered":3,"skipped":0,"pct":14.28}}
,"C:\\Users\\Chensy\\Workspace\\Projects\\Codes\\lab-inventory\\frontend\\src\\modules\\admin\\unitDimensions.ts": {"lines":{"total":4,"covered":0,"skipped":0,"pct":0},"functions":{"total":2,"covered":0,"skipped":0,"pct":0},"statements":{"total":4,"covered":0,"skipped":0,"pct":0},"branches":{"total":2,"covered":0,"skipped":0,"pct":0}}
,"C:\\Users\\Chensy\\Workspace\\Projects\\Codes\\lab-inventory\\frontend\\src\\modules\\assets\\AssetDetailPage.tsx": {"lines":{"total":125,"covered":0,"skipped":0,"pct":0},"functions":{"total":40,"covered":0,"skipped":0,"pct":0},"statements":{"total":132,"covered":0,"skipped":0,"pct":0},"branches":{"total":137,"covered":0,"skipped":0,"pct":0}}
,"C:\\Users\\Chensy\\Workspace\\Projects\\Codes\\lab-inventory\\frontend\\src\\modules\\assets\\AssetsPage.tsx": {"lines":{"total":655,"covered":0,"skipped":0,"pct":0},"functions":{"total":254,"covered":0,"skipped":0,"pct":0},"statements":{"total":705,"covered":0,"skipped":0,"pct":0},"branches":{"total":625,"covered":0,"skipped":0,"pct":0}}
,"C:\\Users\\Chensy\\Workspace\\Projects\\Codes\\lab-inventory\\frontend\\src\\modules\\assets\\api.ts": {"lines":{"total":34,"covered":0,"skipped":0,"pct":0},"functions":{"total":13,"covered":0,"skipped":0,"pct":0},"statements":{"total":34,"covered":0,"skipped":0,"pct":0},"branches":{"total":11,"covered":0,"skipped":0,"pct":0}}
,"C:\\Users\\Chensy\\Workspace\\Projects\\Codes\\lab-inventory\\frontend\\src\\modules\\attachments\\AttachmentPanel.tsx": {"lines":{"total":102,"covered":10,"skipped":0,"pct":9.8},"functions":{"total":31,"covered":2,"skipped":0,"pct":6.45},"statements":{"total":106,"covered":10,"skipped":0,"pct":9.43},"branches":{"total":66,"covered":6,"skipped":0,"pct":9.09}}
,"C:\\Users\\Chensy\\Workspace\\Projects\\Codes\\lab-inventory\\frontend\\src\\modules\\attachments\\api.ts": {"lines":{"total":55,"covered":7,"skipped":0,"pct":12.72},"functions":{"total":24,"covered":0,"skipped":0,"pct":0},"statements":{"total":55,"covered":7,"skipped":0,"pct":12.72},"branches":{"total":8,"covered":0,"skipped":0,"pct":0}}
,"C:\\Users\\Chensy\\Workspace\\Projects\\Codes\\lab-inventory\\frontend\\src\\modules\\audit\\AuditLogsPage.tsx": {"lines":{"total":48,"covered":0,"skipped":0,"pct":0},"functions":{"total":30,"covered":0,"skipped":0,"pct":0},"statements":{"total":56,"covered":0,"skipped":0,"pct":0},"branches":{"total":32,"covered":0,"skipped":0,"pct":0}}
,"C:\\Users\\Chensy\\Workspace\\Projects\\Codes\\lab-inventory\\frontend\\src\\modules\\audit\\api.ts": {"lines":{"total":8,"covered":0,"skipped":0,"pct":0},"functions":{"total":3,"covered":0,"skipped":0,"pct":0},"statements":{"total":8,"covered":0,"skipped":0,"pct":0},"branches":{"total":0,"covered":0,"skipped":0,"pct":100}}
,"C:\\Users\\Chensy\\Workspace\\Projects\\Codes\\lab-inventory\\frontend\\src\\modules\\auth\\LoginPage.tsx": {"lines":{"total":20,"covered":0,"skipped":0,"pct":0},"functions":{"total":6,"covered":0,"skipped":0,"pct":0},"statements":{"total":20,"covered":0,"skipped":0,"pct":0},"branches":{"total":7,"covered":0,"skipped":0,"pct":0}}
,"C:\\Users\\Chensy\\Workspace\\Projects\\Codes\\lab-inventory\\frontend\\src\\modules\\auth\\api.ts": {"lines":{"total":19,"covered":0,"skipped":0,"pct":0},"functions":{"total":9,"covered":0,"skipped":0,"pct":0},"statements":{"total":19,"covered":0,"skipped":0,"pct":0},"branches":{"total":2,"covered":0,"skipped":0,"pct":0}}
,"C:\\Users\\Chensy\\Workspace\\Projects\\Codes\\lab-inventory\\frontend\\src\\modules\\auth\\permissions.ts": {"lines":{"total":58,"covered":25,"skipped":0,"pct":43.1},"functions":{"total":30,"covered":19,"skipped":0,"pct":63.33},"statements":{"total":58,"covered":25,"skipped":0,"pct":43.1},"branches":{"total":83,"covered":30,"skipped":0,"pct":36.14}}
,"C:\\Users\\Chensy\\Workspace\\Projects\\Codes\\lab-inventory\\frontend\\src\\modules\\auth\\types.ts": {"lines":{"total":2,"covered":2,"skipped":0,"pct":100},"functions":{"total":0,"covered":0,"skipped":0,"pct":100},"statements":{"total":2,"covered":2,"skipped":0,"pct":100},"branches":{"total":0,"covered":0,"skipped":0,"pct":100}}
,"C:\\Users\\Chensy\\Workspace\\Projects\\Codes\\lab-inventory\\frontend\\src\\modules\\borrow-requests\\BorrowRequestsPage.tsx": {"lines":{"total":43,"covered":0,"skipped":0,"pct":0},"functions":{"total":25,"covered":0,"skipped":0,"pct":0},"statements":{"total":47,"covered":0,"skipped":0,"pct":0},"branches":{"total":33,"covered":0,"skipped":0,"pct":0}}
,"C:\\Users\\Chensy\\Workspace\\Projects\\Codes\\lab-inventory\\frontend\\src\\modules\\borrow-requests\\api.ts": {"lines":{"total":29,"covered":0,"skipped":0,"pct":0},"functions":{"total":12,"covered":0,"skipped":0,"pct":0},"statements":{"total":29,"covered":0,"skipped":0,"pct":0},"branches":{"total":9,"covered":0,"skipped":0,"pct":0}}
,"C:\\Users\\Chensy\\Workspace\\Projects\\Codes\\lab-inventory\\frontend\\src\\modules\\dashboard\\DashboardPage.tsx": {"lines":{"total":2,"covered":0,"skipped":0,"pct":0},"functions":{"total":1,"covered":0,"skipped":0,"pct":0},"statements":{"total":2,"covered":0,"skipped":0,"pct":0},"branches":{"total":6,"covered":0,"skipped":0,"pct":0}}
,"C:\\Users\\Chensy\\Workspace\\Projects\\Codes\\lab-inventory\\frontend\\src\\modules\\federation\\FederationPage.tsx": {"lines":{"total":68,"covered":0,"skipped":0,"pct":0},"functions":{"total":42,"covered":0,"skipped":0,"pct":0},"statements":{"total":79,"covered":0,"skipped":0,"pct":0},"branches":{"total":36,"covered":0,"skipped":0,"pct":0}}
,"C:\\Users\\Chensy\\Workspace\\Projects\\Codes\\lab-inventory\\frontend\\src\\modules\\federation\\api.ts": {"lines":{"total":34,"covered":6,"skipped":0,"pct":17.64},"functions":{"total":16,"covered":0,"skipped":0,"pct":0},"statements":{"total":34,"covered":6,"skipped":0,"pct":17.64},"branches":{"total":8,"covered":0,"skipped":0,"pct":0}}
,"C:\\Users\\Chensy\\Workspace\\Projects\\Codes\\lab-inventory\\frontend\\src\\modules\\federation\\scope.ts": {"lines":{"total":23,"covered":7,"skipped":0,"pct":30.43},"functions":{"total":10,"covered":4,"skipped":0,"pct":40},"statements":{"total":23,"covered":7,"skipped":0,"pct":30.43},"branches":{"total":25,"covered":3,"skipped":0,"pct":12}}
,"C:\\Users\\Chensy\\Workspace\\Projects\\Codes\\lab-inventory\\frontend\\src\\modules\\inventory\\InventoryDetailPage.tsx": {"lines":{"total":75,"covered":0,"skipped":0,"pct":0},"functions":{"total":28,"covered":0,"skipped":0,"pct":0},"statements":{"total":80,"covered":0,"skipped":0,"pct":0},"branches":{"total":69,"covered":0,"skipped":0,"pct":0}}
,"C:\\Users\\Chensy\\Workspace\\Projects\\Codes\\lab-inventory\\frontend\\src\\modules\\inventory\\InventoryPage.tsx": {"lines":{"total":611,"covered":0,"skipped":0,"pct":0},"functions":{"total":237,"covered":0,"skipped":0,"pct":0},"statements":{"total":655,"covered":0,"skipped":0,"pct":0},"branches":{"total":571,"covered":0,"skipped":0,"pct":0}}
,"C:\\Users\\Chensy\\Workspace\\Projects\\Codes\\lab-inventory\\frontend\\src\\modules\\inventory\\api.ts": {"lines":{"total":40,"covered":0,"skipped":0,"pct":0},"functions":{"total":16,"covered":0,"skipped":0,"pct":0},"statements":{"total":40,"covered":0,"skipped":0,"pct":0},"branches":{"total":8,"covered":0,"skipped":0,"pct":0}}
,"C:\\Users\\Chensy\\Workspace\\Projects\\Codes\\lab-inventory\\frontend\\src\\modules\\inventory\\format.ts": {"lines":{"total":56,"covered":0,"skipped":0,"pct":0},"functions":{"total":13,"covered":0,"skipped":0,"pct":0},"statements":{"total":59,"covered":0,"skipped":0,"pct":0},"branches":{"total":79,"covered":0,"skipped":0,"pct":0}}
,"C:\\Users\\Chensy\\Workspace\\Projects\\Codes\\lab-inventory\\frontend\\src\\modules\\profile\\ProfilePages.tsx": {"lines":{"total":27,"covered":0,"skipped":0,"pct":0},"functions":{"total":12,"covered":0,"skipped":0,"pct":0},"statements":{"total":27,"covered":0,"skipped":0,"pct":0},"branches":{"total":10,"covered":0,"skipped":0,"pct":0}}
,"C:\\Users\\Chensy\\Workspace\\Projects\\Codes\\lab-inventory\\frontend\\src\\modules\\server-settings\\ServerSettingsPage.tsx": {"lines":{"total":28,"covered":0,"skipped":0,"pct":0},"functions":{"total":5,"covered":0,"skipped":0,"pct":0},"statements":{"total":28,"covered":0,"skipped":0,"pct":0},"branches":{"total":10,"covered":0,"skipped":0,"pct":0}}
,"C:\\Users\\Chensy\\Workspace\\Projects\\Codes\\lab-inventory\\frontend\\src\\shared\\api\\backendConfig.tsx": {"lines":{"total":49,"covered":19,"skipped":0,"pct":38.77},"functions":{"total":8,"covered":2,"skipped":0,"pct":25},"statements":{"total":49,"covered":19,"skipped":0,"pct":38.77},"branches":{"total":18,"covered":12,"skipped":0,"pct":66.66}}
,"C:\\Users\\Chensy\\Workspace\\Projects\\Codes\\lab-inventory\\frontend\\src\\shared\\api\\httpClient.ts": {"lines":{"total":49,"covered":0,"skipped":0,"pct":0},"functions":{"total":13,"covered":0,"skipped":0,"pct":0},"statements":{"total":49,"covered":0,"skipped":0,"pct":0},"branches":{"total":45,"covered":0,"skipped":0,"pct":0}}
,"C:\\Users\\Chensy\\Workspace\\Projects\\Codes\\lab-inventory\\frontend\\src\\shared\\lib\\cn.ts": {"lines":{"total":1,"covered":0,"skipped":0,"pct":0},"functions":{"total":1,"covered":0,"skipped":0,"pct":0},"statements":{"total":1,"covered":0,"skipped":0,"pct":0},"branches":{"total":0,"covered":0,"skipped":0,"pct":100}}
,"C:\\Users\\Chensy\\Workspace\\Projects\\Codes\\lab-inventory\\frontend\\src\\shared\\lib\\date.ts": {"lines":{"total":10,"covered":0,"skipped":0,"pct":0},"functions":{"total":2,"covered":0,"skipped":0,"pct":0},"statements":{"total":10,"covered":0,"skipped":0,"pct":0},"branches":{"total":8,"covered":0,"skipped":0,"pct":0}}
,"C:\\Users\\Chensy\\Workspace\\Projects\\Codes\\lab-inventory\\frontend\\src\\shared\\lib\\errors.ts": {"lines":{"total":3,"covered":0,"skipped":0,"pct":0},"functions":{"total":1,"covered":0,"skipped":0,"pct":0},"statements":{"total":3,"covered":0,"skipped":0,"pct":0},"branches":{"total":5,"covered":0,"skipped":0,"pct":0}}
,"C:\\Users\\Chensy\\Workspace\\Projects\\Codes\\lab-inventory\\frontend\\src\\shared\\theme\\ThemeProvider.tsx": {"lines":{"total":25,"covered":0,"skipped":0,"pct":0},"functions":{"total":11,"covered":0,"skipped":0,"pct":0},"statements":{"total":27,"covered":0,"skipped":0,"pct":0},"branches":{"total":11,"covered":0,"skipped":0,"pct":0}}
,"C:\\Users\\Chensy\\Workspace\\Projects\\Codes\\lab-inventory\\frontend\\src\\shared\\ui\\Badge.tsx": {"lines":{"total":1,"covered":0,"skipped":0,"pct":0},"functions":{"total":1,"covered":0,"skipped":0,"pct":0},"statements":{"total":1,"covered":0,"skipped":0,"pct":0},"branches":{"total":9,"covered":0,"skipped":0,"pct":0}}
,"C:\\Users\\Chensy\\Workspace\\Projects\\Codes\\lab-inventory\\frontend\\src\\shared\\ui\\Button.tsx": {"lines":{"total":3,"covered":1,"skipped":0,"pct":33.33},"functions":{"total":1,"covered":0,"skipped":0,"pct":0},"statements":{"total":3,"covered":1,"skipped":0,"pct":33.33},"branches":{"total":16,"covered":0,"skipped":0,"pct":0}}
,"C:\\Users\\Chensy\\Workspace\\Projects\\Codes\\lab-inventory\\frontend\\src\\shared\\ui\\ConfirmDialog.tsx": {"lines":{"total":1,"covered":0,"skipped":0,"pct":0},"functions":{"total":1,"covered":0,"skipped":0,"pct":0},"statements":{"total":1,"covered":0,"skipped":0,"pct":0},"branches":{"total":2,"covered":0,"skipped":0,"pct":0}}
,"C:\\Users\\Chensy\\Workspace\\Projects\\Codes\\lab-inventory\\frontend\\src\\shared\\ui\\DataTable.tsx": {"lines":{"total":10,"covered":0,"skipped":0,"pct":0},"functions":{"total":6,"covered":0,"skipped":0,"pct":0},"statements":{"total":11,"covered":0,"skipped":0,"pct":0},"branches":{"total":21,"covered":0,"skipped":0,"pct":0}}
,"C:\\Users\\Chensy\\Workspace\\Projects\\Codes\\lab-inventory\\frontend\\src\\shared\\ui\\Dialog.tsx": {"lines":{"total":4,"covered":0,"skipped":0,"pct":0},"functions":{"total":2,"covered":0,"skipped":0,"pct":0},"statements":{"total":4,"covered":0,"skipped":0,"pct":0},"branches":{"total":11,"covered":0,"skipped":0,"pct":0}}
,"C:\\Users\\Chensy\\Workspace\\Projects\\Codes\\lab-inventory\\frontend\\src\\shared\\ui\\EmptyState.tsx": {"lines":{"total":1,"covered":0,"skipped":0,"pct":0},"functions":{"total":1,"covered":0,"skipped":0,"pct":0},"statements":{"total":1,"covered":0,"skipped":0,"pct":0},"branches":{"total":0,"covered":0,"skipped":0,"pct":100}}
,"C:\\Users\\Chensy\\Workspace\\Projects\\Codes\\lab-inventory\\frontend\\src\\shared\\ui\\FormField.tsx": {"lines":{"total":1,"covered":0,"skipped":0,"pct":0},"functions":{"total":1,"covered":0,"skipped":0,"pct":0},"statements":{"total":1,"covered":0,"skipped":0,"pct":0},"branches":{"total":6,"covered":0,"skipped":0,"pct":0}}
,"C:\\Users\\Chensy\\Workspace\\Projects\\Codes\\lab-inventory\\frontend\\src\\shared\\ui\\PageHeader.tsx": {"lines":{"total":1,"covered":0,"skipped":0,"pct":0},"functions":{"total":1,"covered":0,"skipped":0,"pct":0},"statements":{"total":1,"covered":0,"skipped":0,"pct":0},"branches":{"total":6,"covered":0,"skipped":0,"pct":0}}
,"C:\\Users\\Chensy\\Workspace\\Projects\\Codes\\lab-inventory\\frontend\\src\\shared\\ui\\Select.tsx": {"lines":{"total":2,"covered":0,"skipped":0,"pct":0},"functions":{"total":2,"covered":0,"skipped":0,"pct":0},"statements":{"total":2,"covered":0,"skipped":0,"pct":0},"branches":{"total":1,"covered":0,"skipped":0,"pct":0}}
,"C:\\Users\\Chensy\\Workspace\\Projects\\Codes\\lab-inventory\\frontend\\src\\shared\\ui\\Toast.tsx": {"lines":{"total":14,"covered":1,"skipped":0,"pct":7.14},"functions":{"total":9,"covered":0,"skipped":0,"pct":0},"statements":{"total":17,"covered":1,"skipped":0,"pct":5.88},"branches":{"total":6,"covered":0,"skipped":0,"pct":0}}
}
