{"total": {"lines":{"total":3473,"covered":1450,"skipped":0,"pct":41.75},"statements":{"total":3673,"covered":1492,"skipped":0,"pct":40.62},"functions":{"total":1387,"covered":444,"skipped":0,"pct":32.01},"branches":{"total":2757,"covered":840,"skipped":0,"pct":30.46},"branchesTrue":{"total":0,"covered":0,"skipped":0,"pct":100}}
,"C:\\Users\\Chensy\\Workspace\\Projects\\Codes\\lab-inventory\\frontend\\src\\app\\App.tsx": {"lines":{"total":2,"covered":2,"skipped":0,"pct":100},"functions":{"total":2,"covered":2,"skipped":0,"pct":100},"statements":{"total":2,"covered":2,"skipped":0,"pct":100},"branches":{"total":0,"covered":0,"skipped":0,"pct":100}}
,"C:\\Users\\Chensy\\Workspace\\Projects\\Codes\\lab-inventory\\frontend\\src\\app\\AppShell.tsx": {"lines":{"total":43,"covered":38,"skipped":0,"pct":88.37},"functions":{"total":21,"covered":18,"skipped":0,"pct":85.71},"statements":{"total":46,"covered":41,"skipped":0,"pct":89.13},"branches":{"total":24,"covered":21,"skipped":0,"pct":87.5}}
,"C:\\Users\\Chensy\\Workspace\\Projects\\Codes\\lab-inventory\\frontend\\src\\app\\AuthGate.tsx": {"lines":{"total":23,"covered":23,"skipped":0,"pct":100},"functions":{"total":3,"covered":3,"skipped":0,"pct":100},"statements":{"total":23,"covered":23,"skipped":0,"pct":100},"branches":{"total":26,"covered":25,"skipped":0,"pct":96.15}}
,"C:\\Users\\Chensy\\Workspace\\Projects\\Codes\\lab-inventory\\frontend\\src\\app\\CommandMenu.tsx": {"lines":{"total":17,"covered":17,"skipped":0,"pct":100},"functions":{"total":9,"covered":9,"skipped":0,"pct":100},"statements":{"total":18,"covered":18,"skipped":0,"pct":100},"branches":{"total":7,"covered":7,"skipped":0,"pct":100}}
,"C:\\Users\\Chensy\\Workspace\\Projects\\Codes\\lab-inventory\\frontend\\src\\app\\ProtectedModuleRoute.tsx": {"lines":{"total":4,"covered":4,"skipped":0,"pct":100},"functions":{"total":1,"covered":1,"skipped":0,"pct":100},"statements":{"total":4,"covered":4,"skipped":0,"pct":100},"branches":{"total":4,"covered":4,"skipped":0,"pct":100}}
,"C:\\Users\\Chensy\\Workspace\\Projects\\Codes\\lab-inventory\\frontend\\src\\app\\auth-context.tsx": {"lines":{"total":6,"covered":5,"skipped":0,"pct":83.33},"functions":{"total":2,"covered":2,"skipped":0,"pct":100},"statements":{"total":6,"covered":5,"skipped":0,"pct":83.33},"branches":{"total":2,"covered":1,"skipped":0,"pct":50}}
,"C:\\Users\\Chensy\\Workspace\\Projects\\Codes\\lab-inventory\\frontend\\src\\app\\laboratory-selection-context.tsx": {"lines":{"total":95,"covered":75,"skipped":0,"pct":78.94},"functions":{"total":19,"covered":17,"skipped":0,"pct":89.47},"statements":{"total":97,"covered":76,"skipped":0,"pct":78.35},"branches":{"total":86,"covered":57,"skipped":0,"pct":66.27}}
,"C:\\Users\\Chensy\\Workspace\\Projects\\Codes\\lab-inventory\\frontend\\src\\app\\modules.tsx": {"lines":{"total":6,"covered":6,"skipped":0,"pct":100},"functions":{"total":5,"covered":5,"skipped":0,"pct":100},"statements":{"total":9,"covered":9,"skipped":0,"pct":100},"branches":{"total":2,"covered":2,"skipped":0,"pct":100}}
,"C:\\Users\\Chensy\\Workspace\\Projects\\Codes\\lab-inventory\\frontend\\src\\app\\providers.tsx": {"lines":{"total":3,"covered":3,"skipped":0,"pct":100},"functions":{"total":2,"covered":2,"skipped":0,"pct":100},"statements":{"total":3,"covered":3,"skipped":0,"pct":100},"branches":{"total":0,"covered":0,"skipped":0,"pct":100}}
,"C:\\Users\\Chensy\\Workspace\\Projects\\Codes\\lab-inventory\\frontend\\src\\modules\\admin\\AdminPages.tsx": {"lines":{"total":162,"covered":56,"skipped":0,"pct":34.56},"functions":{"total":73,"covered":9,"skipped":0,"pct":12.32},"statements":{"total":165,"covered":56,"skipped":0,"pct":33.93},"branches":{"total":119,"covered":30,"skipped":0,"pct":25.21}}
,"C:\\Users\\Chensy\\Workspace\\Projects\\Codes\\lab-inventory\\frontend\\src\\modules\\admin\\AssetCategoriesPage.tsx": {"lines":{"total":183,"covered":51,"skipped":0,"pct":27.86},"functions":{"total":83,"covered":14,"skipped":0,"pct":16.86},"statements":{"total":197,"covered":53,"skipped":0,"pct":26.9},"branches":{"total":119,"covered":23,"skipped":0,"pct":19.32}}
,"C:\\Users\\Chensy\\Workspace\\Projects\\Codes\\lab-inventory\\frontend\\src\\modules\\admin\\AssetParametersPage.tsx": {"lines":{"total":185,"covered":60,"skipped":0,"pct":32.43},"functions":{"total":87,"covered":13,"skipped":0,"pct":14.94},"statements":{"total":204,"covered":62,"skipped":0,"pct":30.39},"branches":{"total":171,"covered":36,"skipped":0,"pct":21.05}}
,"C:\\Users\\Chensy\\Workspace\\Projects\\Codes\\lab-inventory\\frontend\\src\\modules\\admin\\LocationsPage.tsx": {"lines":{"total":135,"covered":48,"skipped":0,"pct":35.55},"functions":{"total":56,"covered":14,"skipped":0,"pct":25},"statements":{"total":144,"covered":50,"skipped":0,"pct":34.72},"branches":{"total":94,"covered":20,"skipped":0,"pct":21.27}}
,"C:\\Users\\Chensy\\Workspace\\Projects\\Codes\\lab-inventory\\frontend\\src\\modules\\admin\\UnitsPage.tsx": {"lines":{"total":106,"covered":37,"skipped":0,"pct":34.9},"functions":{"total":49,"covered":7,"skipped":0,"pct":14.28},"statements":{"total":110,"covered":39,"skipped":0,"pct":35.45},"branches":{"total":56,"covered":13,"skipped":0,"pct":23.21}}
,"C:\\Users\\Chensy\\Workspace\\Projects\\Codes\\lab-inventory\\frontend\\src\\modules\\admin\\api.ts": {"lines":{"total":145,"covered":99,"skipped":0,"pct":68.27},"functions":{"total":55,"covered":33,"skipped":0,"pct":60},"statements":{"total":145,"covered":99,"skipped":0,"pct":68.27},"branches":{"total":33,"covered":21,"skipped":0,"pct":63.63}}
,"C:\\Users\\Chensy\\Workspace\\Projects\\Codes\\lab-inventory\\frontend\\src\\modules\\admin\\unitDimensions.ts": {"lines":{"total":4,"covered":2,"skipped":0,"pct":50},"functions":{"total":2,"covered":0,"skipped":0,"pct":0},"statements":{"total":4,"covered":2,"skipped":0,"pct":50},"branches":{"total":2,"covered":0,"skipped":0,"pct":0}}
,"C:\\Users\\Chensy\\Workspace\\Projects\\Codes\\lab-inventory\\frontend\\src\\modules\\assets\\AssetDetailPage.tsx": {"lines":{"total":125,"covered":28,"skipped":0,"pct":22.4},"functions":{"total":40,"covered":1,"skipped":0,"pct":2.5},"statements":{"total":132,"covered":28,"skipped":0,"pct":21.21},"branches":{"total":139,"covered":30,"skipped":0,"pct":21.58}}
,"C:\\Users\\Chensy\\Workspace\\Projects\\Codes\\lab-inventory\\frontend\\src\\modules\\assets\\AssetsPage.tsx": {"lines":{"total":655,"covered":183,"skipped":0,"pct":27.93},"functions":{"total":254,"covered":61,"skipped":0,"pct":24.01},"statements":{"total":705,"covered":193,"skipped":0,"pct":27.37},"branches":{"total":625,"covered":92,"skipped":0,"pct":14.72}}
,"C:\\Users\\Chensy\\Workspace\\Projects\\Codes\\lab-inventory\\frontend\\src\\modules\\assets\\api.ts": {"lines":{"total":39,"covered":30,"skipped":0,"pct":76.92},"functions":{"total":13,"covered":8,"skipped":0,"pct":61.53},"statements":{"total":39,"covered":30,"skipped":0,"pct":76.92},"branches":{"total":11,"covered":9,"skipped":0,"pct":81.81}}
,"C:\\Users\\Chensy\\Workspace\\Projects\\Codes\\lab-inventory\\frontend\\src\\modules\\attachments\\AttachmentPanel.tsx": {"lines":{"total":103,"covered":10,"skipped":0,"pct":9.7},"functions":{"total":31,"covered":2,"skipped":0,"pct":6.45},"statements":{"total":107,"covered":10,"skipped":0,"pct":9.34},"branches":{"total":66,"covered":6,"skipped":0,"pct":9.09}}
,"C:\\Users\\Chensy\\Workspace\\Projects\\Codes\\lab-inventory\\frontend\\src\\modules\\attachments\\api.ts": {"lines":{"total":63,"covered":7,"skipped":0,"pct":11.11},"functions":{"total":24,"covered":0,"skipped":0,"pct":0},"statements":{"total":63,"covered":7,"skipped":0,"pct":11.11},"branches":{"total":8,"covered":0,"skipped":0,"pct":0}}
,"C:\\Users\\Chensy\\Workspace\\Projects\\Codes\\lab-inventory\\frontend\\src\\modules\\audit\\AuditLogsPage.tsx": {"lines":{"total":48,"covered":18,"skipped":0,"pct":37.5},"functions":{"total":30,"covered":4,"skipped":0,"pct":13.33},"statements":{"total":56,"covered":18,"skipped":0,"pct":32.14},"branches":{"total":32,"covered":14,"skipped":0,"pct":43.75}}
,"C:\\Users\\Chensy\\Workspace\\Projects\\Codes\\lab-inventory\\frontend\\src\\modules\\audit\\api.ts": {"lines":{"total":8,"covered":8,"skipped":0,"pct":100},"functions":{"total":3,"covered":3,"skipped":0,"pct":100},"statements":{"total":8,"covered":8,"skipped":0,"pct":100},"branches":{"total":0,"covered":0,"skipped":0,"pct":100}}
,"C:\\Users\\Chensy\\Workspace\\Projects\\Codes\\lab-inventory\\frontend\\src\\modules\\auth\\LoginPage.tsx": {"lines":{"total":20,"covered":20,"skipped":0,"pct":100},"functions":{"total":6,"covered":6,"skipped":0,"pct":100},"statements":{"total":20,"covered":20,"skipped":0,"pct":100},"branches":{"total":7,"covered":7,"skipped":0,"pct":100}}
,"C:\\Users\\Chensy\\Workspace\\Projects\\Codes\\lab-inventory\\frontend\\src\\modules\\auth\\api.ts": {"lines":{"total":19,"covered":19,"skipped":0,"pct":100},"functions":{"total":9,"covered":9,"skipped":0,"pct":100},"statements":{"total":19,"covered":19,"skipped":0,"pct":100},"branches":{"total":2,"covered":2,"skipped":0,"pct":100}}
,"C:\\Users\\Chensy\\Workspace\\Projects\\Codes\\lab-inventory\\frontend\\src\\modules\\auth\\permissions.ts": {"lines":{"total":59,"covered":59,"skipped":0,"pct":100},"functions":{"total":31,"covered":31,"skipped":0,"pct":100},"statements":{"total":59,"covered":59,"skipped":0,"pct":100},"branches":{"total":85,"covered":85,"skipped":0,"pct":100}}
,"C:\\Users\\Chensy\\Workspace\\Projects\\Codes\\lab-inventory\\frontend\\src\\modules\\auth\\types.ts": {"lines":{"total":2,"covered":2,"skipped":0,"pct":100},"functions":{"total":0,"covered":0,"skipped":0,"pct":100},"statements":{"total":2,"covered":2,"skipped":0,"pct":100},"branches":{"total":0,"covered":0,"skipped":0,"pct":100}}
,"C:\\Users\\Chensy\\Workspace\\Projects\\Codes\\lab-inventory\\frontend\\src\\modules\\borrow-requests\\BorrowRequestsPage.tsx": {"lines":{"total":43,"covered":13,"skipped":0,"pct":30.23},"functions":{"total":25,"covered":3,"skipped":0,"pct":12},"statements":{"total":47,"covered":13,"skipped":0,"pct":27.65},"branches":{"total":33,"covered":8,"skipped":0,"pct":24.24}}
,"C:\\Users\\Chensy\\Workspace\\Projects\\Codes\\lab-inventory\\frontend\\src\\modules\\borrow-requests\\api.ts": {"lines":{"total":29,"covered":14,"skipped":0,"pct":48.27},"functions":{"total":12,"covered":5,"skipped":0,"pct":41.66},"statements":{"total":29,"covered":14,"skipped":0,"pct":48.27},"branches":{"total":9,"covered":7,"skipped":0,"pct":77.77}}
,"C:\\Users\\Chensy\\Workspace\\Projects\\Codes\\lab-inventory\\frontend\\src\\modules\\dashboard\\DashboardPage.tsx": {"lines":{"total":2,"covered":2,"skipped":0,"pct":100},"functions":{"total":1,"covered":1,"skipped":0,"pct":100},"statements":{"total":2,"covered":2,"skipped":0,"pct":100},"branches":{"total":6,"covered":6,"skipped":0,"pct":100}}
,"C:\\Users\\Chensy\\Workspace\\Projects\\Codes\\lab-inventory\\frontend\\src\\modules\\federation\\FederationPage.tsx": {"lines":{"total":68,"covered":23,"skipped":0,"pct":33.82},"functions":{"total":42,"covered":4,"skipped":0,"pct":9.52},"statements":{"total":79,"covered":24,"skipped":0,"pct":30.37},"branches":{"total":36,"covered":12,"skipped":0,"pct":33.33}}
,"C:\\Users\\Chensy\\Workspace\\Projects\\Codes\\lab-inventory\\frontend\\src\\modules\\federation\\api.ts": {"lines":{"total":34,"covered":25,"skipped":0,"pct":73.52},"functions":{"total":16,"covered":11,"skipped":0,"pct":68.75},"statements":{"total":34,"covered":25,"skipped":0,"pct":73.52},"branches":{"total":8,"covered":7,"skipped":0,"pct":87.5}}
,"C:\\Users\\Chensy\\Workspace\\Projects\\Codes\\lab-inventory\\frontend\\src\\modules\\federation\\scope.ts": {"lines":{"total":25,"covered":24,"skipped":0,"pct":96},"functions":{"total":11,"covered":11,"skipped":0,"pct":100},"statements":{"total":25,"covered":24,"skipped":0,"pct":96},"branches":{"total":37,"covered":27,"skipped":0,"pct":72.97}}
,"C:\\Users\\Chensy\\Workspace\\Projects\\Codes\\lab-inventory\\frontend\\src\\modules\\inventory\\InventoryDetailPage.tsx": {"lines":{"total":75,"covered":32,"skipped":0,"pct":42.66},"functions":{"total":28,"covered":5,"skipped":0,"pct":17.85},"statements":{"total":80,"covered":35,"skipped":0,"pct":43.75},"branches":{"total":71,"covered":30,"skipped":0,"pct":42.25}}
,"C:\\Users\\Chensy\\Workspace\\Projects\\Codes\\lab-inventory\\frontend\\src\\modules\\inventory\\InventoryPage.tsx": {"lines":{"total":606,"covered":175,"skipped":0,"pct":28.87},"functions":{"total":235,"covered":56,"skipped":0,"pct":23.82},"statements":{"total":650,"covered":185,"skipped":0,"pct":28.46},"branches":{"total":565,"covered":98,"skipped":0,"pct":17.34}}
,"C:\\Users\\Chensy\\Workspace\\Projects\\Codes\\lab-inventory\\frontend\\src\\modules\\inventory\\api.ts": {"lines":{"total":45,"covered":31,"skipped":0,"pct":68.88},"functions":{"total":16,"covered":9,"skipped":0,"pct":56.25},"statements":{"total":45,"covered":31,"skipped":0,"pct":68.88},"branches":{"total":8,"covered":7,"skipped":0,"pct":87.5}}
,"C:\\Users\\Chensy\\Workspace\\Projects\\Codes\\lab-inventory\\frontend\\src\\modules\\inventory\\format.ts": {"lines":{"total":56,"covered":0,"skipped":0,"pct":0},"functions":{"total":13,"covered":0,"skipped":0,"pct":0},"statements":{"total":59,"covered":0,"skipped":0,"pct":0},"branches":{"total":79,"covered":0,"skipped":0,"pct":0}}
,"C:\\Users\\Chensy\\Workspace\\Projects\\Codes\\lab-inventory\\frontend\\src\\modules\\profile\\ProfilePages.tsx": {"lines":{"total":27,"covered":27,"skipped":0,"pct":100},"functions":{"total":12,"covered":12,"skipped":0,"pct":100},"statements":{"total":27,"covered":27,"skipped":0,"pct":100},"branches":{"total":10,"covered":10,"skipped":0,"pct":100}}
,"C:\\Users\\Chensy\\Workspace\\Projects\\Codes\\lab-inventory\\frontend\\src\\modules\\server-settings\\ServerSettingsPage.tsx": {"lines":{"total":28,"covered":28,"skipped":0,"pct":100},"functions":{"total":5,"covered":5,"skipped":0,"pct":100},"statements":{"total":28,"covered":28,"skipped":0,"pct":100},"branches":{"total":10,"covered":7,"skipped":0,"pct":70}}
,"C:\\Users\\Chensy\\Workspace\\Projects\\Codes\\lab-inventory\\frontend\\src\\shared\\api\\backendConfig.tsx": {"lines":{"total":49,"covered":45,"skipped":0,"pct":91.83},"functions":{"total":8,"covered":8,"skipped":0,"pct":100},"statements":{"total":49,"covered":45,"skipped":0,"pct":91.83},"branches":{"total":18,"covered":16,"skipped":0,"pct":88.88}}
,"C:\\Users\\Chensy\\Workspace\\Projects\\Codes\\lab-inventory\\frontend\\src\\shared\\api\\httpClient.ts": {"lines":{"total":49,"covered":49,"skipped":0,"pct":100},"functions":{"total":13,"covered":13,"skipped":0,"pct":100},"statements":{"total":49,"covered":49,"skipped":0,"pct":100},"branches":{"total":45,"covered":42,"skipped":0,"pct":93.33}}
,"C:\\Users\\Chensy\\Workspace\\Projects\\Codes\\lab-inventory\\frontend\\src\\shared\\lib\\cn.ts": {"lines":{"total":1,"covered":1,"skipped":0,"pct":100},"functions":{"total":1,"covered":1,"skipped":0,"pct":100},"statements":{"total":1,"covered":1,"skipped":0,"pct":100},"branches":{"total":0,"covered":0,"skipped":0,"pct":100}}
,"C:\\Users\\Chensy\\Workspace\\Projects\\Codes\\lab-inventory\\frontend\\src\\shared\\lib\\date.ts": {"lines":{"total":10,"covered":2,"skipped":0,"pct":20},"functions":{"total":2,"covered":1,"skipped":0,"pct":50},"statements":{"total":10,"covered":2,"skipped":0,"pct":20},"branches":{"total":8,"covered":1,"skipped":0,"pct":12.5}}
,"C:\\Users\\Chensy\\Workspace\\Projects\\Codes\\lab-inventory\\frontend\\src\\shared\\lib\\errors.ts": {"lines":{"total":3,"covered":2,"skipped":0,"pct":66.66},"functions":{"total":1,"covered":1,"skipped":0,"pct":100},"statements":{"total":3,"covered":2,"skipped":0,"pct":66.66},"branches":{"total":5,"covered":4,"skipped":0,"pct":80}}
,"C:\\Users\\Chensy\\Workspace\\Projects\\Codes\\lab-inventory\\frontend\\src\\shared\\theme\\ThemeProvider.tsx": {"lines":{"total":25,"covered":24,"skipped":0,"pct":96},"functions":{"total":11,"covered":10,"skipped":0,"pct":90.9},"statements":{"total":27,"covered":25,"skipped":0,"pct":92.59},"branches":{"total":11,"covered":9,"skipped":0,"pct":81.81}}
,"C:\\Users\\Chensy\\Workspace\\Projects\\Codes\\lab-inventory\\frontend\\src\\shared\\ui\\Badge.tsx": {"lines":{"total":1,"covered":0,"skipped":0,"pct":0},"functions":{"total":1,"covered":0,"skipped":0,"pct":0},"statements":{"total":1,"covered":0,"skipped":0,"pct":0},"branches":{"total":9,"covered":0,"skipped":0,"pct":0}}
,"C:\\Users\\Chensy\\Workspace\\Projects\\Codes\\lab-inventory\\frontend\\src\\shared\\ui\\Button.tsx": {"lines":{"total":3,"covered":3,"skipped":0,"pct":100},"functions":{"total":1,"covered":1,"skipped":0,"pct":100},"statements":{"total":3,"covered":3,"skipped":0,"pct":100},"branches":{"total":16,"covered":15,"skipped":0,"pct":93.75}}
,"C:\\Users\\Chensy\\Workspace\\Projects\\Codes\\lab-inventory\\frontend\\src\\shared\\ui\\ConfirmDialog.tsx": {"lines":{"total":1,"covered":0,"skipped":0,"pct":0},"functions":{"total":1,"covered":0,"skipped":0,"pct":0},"statements":{"total":1,"covered":0,"skipped":0,"pct":0},"branches":{"total":2,"covered":0,"skipped":0,"pct":0}}
,"C:\\Users\\Chensy\\Workspace\\Projects\\Codes\\lab-inventory\\frontend\\src\\shared\\ui\\DataTable.tsx": {"lines":{"total":10,"covered":2,"skipped":0,"pct":20},"functions":{"total":6,"covered":1,"skipped":0,"pct":16.66},"statements":{"total":11,"covered":2,"skipped":0,"pct":18.18},"branches":{"total":21,"covered":4,"skipped":0,"pct":19.04}}
,"C:\\Users\\Chensy\\Workspace\\Projects\\Codes\\lab-inventory\\frontend\\src\\shared\\ui\\Dialog.tsx": {"lines":{"total":4,"covered":2,"skipped":0,"pct":50},"functions":{"total":2,"covered":1,"skipped":0,"pct":50},"statements":{"total":4,"covered":2,"skipped":0,"pct":50},"branches":{"total":11,"covered":9,"skipped":0,"pct":81.81}}
,"C:\\Users\\Chensy\\Workspace\\Projects\\Codes\\lab-inventory\\frontend\\src\\shared\\ui\\EmptyState.tsx": {"lines":{"total":1,"covered":1,"skipped":0,"pct":100},"functions":{"total":1,"covered":1,"skipped":0,"pct":100},"statements":{"total":1,"covered":1,"skipped":0,"pct":100},"branches":{"total":0,"covered":0,"skipped":0,"pct":100}}
,"C:\\Users\\Chensy\\Workspace\\Projects\\Codes\\lab-inventory\\frontend\\src\\shared\\ui\\FormField.tsx": {"lines":{"total":1,"covered":1,"skipped":0,"pct":100},"functions":{"total":1,"covered":1,"skipped":0,"pct":100},"statements":{"total":1,"covered":1,"skipped":0,"pct":100},"branches":{"total":6,"covered":6,"skipped":0,"pct":100}}
,"C:\\Users\\Chensy\\Workspace\\Projects\\Codes\\lab-inventory\\frontend\\src\\shared\\ui\\PageHeader.tsx": {"lines":{"total":1,"covered":1,"skipped":0,"pct":100},"functions":{"total":1,"covered":1,"skipped":0,"pct":100},"statements":{"total":1,"covered":1,"skipped":0,"pct":100},"branches":{"total":6,"covered":6,"skipped":0,"pct":100}}
,"C:\\Users\\Chensy\\Workspace\\Projects\\Codes\\lab-inventory\\frontend\\src\\shared\\ui\\Select.tsx": {"lines":{"total":2,"covered":2,"skipped":0,"pct":100},"functions":{"total":2,"covered":2,"skipped":0,"pct":100},"statements":{"total":2,"covered":2,"skipped":0,"pct":100},"branches":{"total":1,"covered":1,"skipped":0,"pct":100}}
,"C:\\Users\\Chensy\\Workspace\\Projects\\Codes\\lab-inventory\\frontend\\src\\shared\\ui\\Toast.tsx": {"lines":{"total":14,"covered":11,"skipped":0,"pct":78.57},"functions":{"total":9,"covered":6,"skipped":0,"pct":66.66},"statements":{"total":17,"covered":12,"skipped":0,"pct":70.58},"branches":{"total":6,"covered":3,"skipped":0,"pct":50}}
}
